<?xml version="1.0" encoding="UTF-8"?>
<testsuite name="com.ota.notetaking.NotetakingApplicationTests" tests="1" skipped="0" failures="0" errors="0" timestamp="2024-04-20T05:02:50" hostname="DENZKULIT" time="1.194">
  <properties/>
  <testcase name="contextLoads()" classname="com.ota.notetaking.NotetakingApplicationTests" time="1.194"/>
  <system-out><![CDATA[13:02:47.086 [Test worker] INFO org.springframework.test.context.support.AnnotationConfigContextLoaderUtils -- Could not detect default configuration classes for test class [com.ota.notetaking.NotetakingApplicationTests]: NotetakingApplicationTests does not declare any static, non-private, non-final, nested classes annotated with @Configuration.
13:02:47.252 [Test worker] INFO org.springframework.boot.test.context.SpringBootTestContextBootstrapper -- Found @SpringBootConfiguration com.ota.notetaking.NotetakingApplication for test class com.ota.notetaking.NotetakingApplicationTests

  .   ____          _            __ _ _
 /\\ / ___'_ __ _ _(_)_ __  __ _ \ \ \ \
( ( )\___ | '_ | '_| | '_ \/ _` | \ \ \ \
 \\/  ___)| |_)| | | | | || (_| |  ) ) ) )
  '  |____| .__|_| |_|_| |_\__, | / / / /
 =========|_|==============|___/=/_/_/_/
 :: Spring Boot ::                (v3.2.4)

2024-04-20T13:02:48.028+08:00  INFO 24468 --- [notetaking] [    Test worker] c.o.n.NotetakingApplicationTests         : Starting NotetakingApplicationTests using Java 17.0.10 with PID 24468 (started by G in C:\Users\G\crud-note-taking)
2024-04-20T13:02:48.028+08:00  INFO 24468 --- [notetaking] [    Test worker] c.o.n.NotetakingApplicationTests         : No active profile set, falling back to 1 default profile: "default"
2024-04-20T13:02:50.848+08:00  INFO 24468 --- [notetaking] [    Test worker] c.o.n.NotetakingApplicationTests         : Started NotetakingApplicationTests in 3.255 seconds (process running for 5.154)
]]></system-out>
  <system-err><![CDATA[]]></system-err>
</testsuite>
