<?xml version="1.0" encoding="UTF-8"?>
<testsuite name="com.ota.notetaking.controllers.NoteTakingControllerErrorTest" tests="4" skipped="0" failures="0" errors="0" timestamp="2024-04-20T05:02:52" hostname="DENZKULIT" time="1.423">
  <properties/>
  <testcase name="createNote_FieldValidationError()" classname="com.ota.notetaking.controllers.NoteTakingControllerErrorTest" time="1.032"/>
  <testcase name="updateNote_NotFoundError()" classname="com.ota.notetaking.controllers.NoteTakingControllerErrorTest" time="0.184"/>
  <testcase name="deleteNoteById_NotFoundError()" classname="com.ota.notetaking.controllers.NoteTakingControllerErrorTest" time="0.102"/>
  <testcase name="getNoteById_NotFoundError()" classname="com.ota.notetaking.controllers.NoteTakingControllerErrorTest" time="0.088"/>
  <system-out><![CDATA[2024-04-20T13:02:52.065+08:00  INFO 24468 --- [notetaking] [    Test worker] t.c.s.AnnotationConfigContextLoaderUtils : Could not detect default configuration classes for test class [com.ota.notetaking.controllers.NoteTakingControllerErrorTest]: NoteTakingControllerErrorTest does not declare any static, non-private, non-final, nested classes annotated with @Configuration.
2024-04-20T13:02:52.082+08:00  INFO 24468 --- [notetaking] [    Test worker] .b.t.c.SpringBootTestContextBootstrapper : Found @SpringBootConfiguration com.ota.notetaking.NotetakingApplication for test class com.ota.notetaking.controllers.NoteTakingControllerErrorTest
]]></system-out>
  <system-err><![CDATA[]]></system-err>
</testsuite>
